<?xml version="1.0" encoding="UTF-8"?>
<!-- Generated by org.testng.reporters.JUnitReportReporter -->
<testsuite hostname="PCIN474007" failures="0" tests="3" name="com.identifyNewBikes.Testclass" time="59.332" errors="0" timestamp="06 May 2021 09:31:16 GMT" skipped="0">
  <testcase classname="com.identifyNewBikes.Testclass" name="upcomingBikesTest" time="4.362"/>
  <testcase classname="com.identifyNewBikes.Testclass" name="popularUsedCarsTest" time="27.330"/>
  <testcase classname="com.identifyNewBikes.Testclass" name="ZigwheelsSignInTest" time="27.640"/>
</testsuite> <!-- com.identifyNewBikes.Testclass -->
